2018-09-20 14:26:45,714 - INFO - Parameters loaded correctly
2018-09-20 14:26:45,714 - DEBUG - Data, models and results directories created
2018-09-20 14:26:45,714 - DEBUG - Added file /home/sliberman/Dropbox/Detector ballena azul/supervised_version/database/validation-ballenas/ballenas-S06_PU145_20120514_143000.aif
2018-09-20 14:26:46,628 - INFO - Pipeline initialized
2018-09-20 14:26:46,628 - INFO - TrainWhaleDetector pipeline started
2018-09-20 14:26:46,714 - DEBUG - Pre processing SlidingWindows transformation took 0.009920358657836914 s
2018-09-20 14:28:17,739 - INFO - Parameters loaded correctly
2018-09-20 14:28:17,739 - DEBUG - Data, models and results directories created
2018-09-20 14:28:17,739 - DEBUG - Added file /home/sliberman/Dropbox/Detector ballena azul/supervised_version/database/validation-ballenas/ballenas-S06_PU145_20120514_143000.aif
2018-09-20 14:28:17,742 - INFO - Pipeline initialized
2018-09-20 14:28:17,742 - INFO - TrainWhaleDetector pipeline started
2018-09-20 14:28:17,866 - DEBUG - Pre processing SlidingWindows transformation took 0.016022682189941406 s
2018-09-20 14:28:30,348 - INFO - Parameters loaded correctly
2018-09-20 14:28:30,348 - DEBUG - Data, models and results directories created
2018-09-20 14:28:30,348 - DEBUG - Added file /home/sliberman/Dropbox/Detector ballena azul/supervised_version/database/validation-ballenas/ballenas-S06_PU145_20120514_143000.aif
2018-09-20 14:28:31,171 - INFO - Pipeline initialized
2018-09-20 14:28:31,172 - INFO - TrainWhaleDetector pipeline started
2018-09-20 14:28:31,255 - DEBUG - Pre processing SlidingWindows transformation took 0.010792016983032227 s
2018-09-20 14:29:01,920 - INFO - Parameters loaded correctly
2018-09-20 14:29:01,920 - DEBUG - Data, models and results directories created
2018-09-20 14:29:01,920 - DEBUG - Added file /home/sliberman/Dropbox/Detector ballena azul/supervised_version/database/validation-ballenas/ballenas-S06_PU145_20120514_143000.aif
2018-09-20 14:29:02,701 - INFO - Pipeline initialized
2018-09-20 14:29:02,702 - INFO - TrainWhaleDetector pipeline started
2018-09-20 14:29:02,777 - DEBUG - Pre processing SlidingWindows transformation took 0.009560823440551758 s
2018-09-20 14:29:30,505 - INFO - Parameters loaded correctly
2018-09-20 14:29:30,505 - DEBUG - Data, models and results directories created
2018-09-20 14:29:30,505 - DEBUG - Added file /home/sliberman/Dropbox/Detector ballena azul/supervised_version/database/validation-ballenas/ballenas-S06_PU145_20120514_143000.aif
2018-09-20 14:29:31,366 - INFO - Pipeline initialized
2018-09-20 14:29:31,366 - INFO - TrainWhaleDetector pipeline started
2018-09-20 14:29:31,450 - DEBUG - Pre processing SlidingWindows transformation took 0.012102127075195312 s
2018-09-20 14:32:02,260 - INFO - Parameters loaded correctly
2018-09-20 14:32:02,260 - DEBUG - Data, models and results directories created
2018-09-20 14:32:02,260 - DEBUG - Added file /home/sliberman/Dropbox/Detector ballena azul/supervised_version/database/validation-ballenas/ballenas-S06_PU145_20120514_143000.aif
2018-09-20 14:32:03,093 - INFO - Pipeline initialized
2018-09-20 14:32:03,094 - INFO - TrainWhaleDetector pipeline started
2018-09-20 14:32:03,181 - DEBUG - Pre processing SlidingWindows transformation took 0.011185884475708008 s
2018-09-20 14:32:53,601 - INFO - Parameters loaded correctly
2018-09-20 14:32:53,601 - DEBUG - Data, models and results directories created
2018-09-20 14:32:53,602 - DEBUG - Added file /home/sliberman/Dropbox/Detector ballena azul/supervised_version/database/validation-ballenas/ballenas-S06_PU145_20120514_143000.aif
2018-09-20 14:32:54,484 - INFO - Pipeline initialized
2018-09-20 14:32:54,484 - INFO - TrainWhaleDetector pipeline started
2018-09-20 14:32:54,570 - DEBUG - Pre processing SlidingWindows transformation took 0.010855674743652344 s
2018-09-20 14:33:09,368 - INFO - Parameters loaded correctly
2018-09-20 14:33:09,368 - DEBUG - Data, models and results directories created
2018-09-20 14:33:09,369 - DEBUG - Added file /home/sliberman/Dropbox/Detector ballena azul/supervised_version/database/validation-ballenas/ballenas-S06_PU145_20120514_143000.aif
2018-09-20 14:33:09,371 - INFO - Pipeline initialized
2018-09-20 14:33:09,371 - INFO - TrainWhaleDetector pipeline started
2018-09-20 14:33:09,500 - DEBUG - Pre processing SlidingWindows transformation took 0.01800060272216797 s
2018-09-20 14:33:14,984 - INFO - Parameters loaded correctly
2018-09-20 14:33:14,984 - DEBUG - Data, models and results directories created
2018-09-20 14:33:14,984 - DEBUG - Added file /home/sliberman/Dropbox/Detector ballena azul/supervised_version/database/validation-ballenas/ballenas-S06_PU145_20120514_143000.aif
2018-09-20 14:33:15,808 - INFO - Pipeline initialized
2018-09-20 14:33:15,809 - INFO - TrainWhaleDetector pipeline started
2018-09-20 14:33:15,887 - DEBUG - Pre processing SlidingWindows transformation took 0.009865045547485352 s
2018-09-20 14:33:42,220 - INFO - Parameters loaded correctly
2018-09-20 14:33:42,220 - DEBUG - Data, models and results directories created
2018-09-20 14:33:42,220 - DEBUG - Added file /home/sliberman/Dropbox/Detector ballena azul/supervised_version/database/validation-ballenas/ballenas-S06_PU145_20120514_143000.aif
2018-09-20 14:33:43,071 - INFO - Pipeline initialized
2018-09-20 14:33:43,072 - INFO - TrainWhaleDetector pipeline started
2018-09-20 14:33:43,155 - DEBUG - Pre processing SlidingWindows transformation took 0.011055707931518555 s
2018-09-20 14:33:44,856 - DEBUG - Features extractor Identity transformation took 0.2293713092803955 s
2018-09-20 14:35:54,981 - INFO - Parameters loaded correctly
2018-09-20 14:35:54,982 - DEBUG - Data, models and results directories created
2018-09-20 14:35:54,982 - DEBUG - Added file /home/sliberman/Dropbox/Detector ballena azul/supervised_version/database/validation-ballenas/ballenas-S06_PU145_20120514_143000.aif
2018-09-20 14:35:54,984 - INFO - Pipeline initialized
2018-09-20 14:35:54,984 - INFO - TrainWhaleDetector pipeline started
2018-09-20 14:35:55,118 - DEBUG - Pre processing SlidingWindows transformation took 0.014341354370117188 s
2018-09-20 14:35:56,804 - DEBUG - Features extractor Identity transformation took 0.23967456817626953 s
2018-09-20 14:35:58,754 - INFO - Parameters loaded correctly
2018-09-20 14:35:58,754 - DEBUG - Data, models and results directories created
2018-09-20 14:35:58,754 - DEBUG - Added file /home/sliberman/Dropbox/Detector ballena azul/supervised_version/database/validation-ballenas/ballenas-S06_PU145_20120514_143000.aif
2018-09-20 14:35:59,578 - INFO - Pipeline initialized
2018-09-20 14:35:59,578 - INFO - TrainWhaleDetector pipeline started
2018-09-20 14:35:59,668 - DEBUG - Pre processing SlidingWindows transformation took 0.012561321258544922 s
2018-09-20 14:36:01,373 - DEBUG - Features extractor Identity transformation took 0.23105788230895996 s
2018-09-20 14:47:29,626 - INFO - Parameters loaded correctly
2018-09-20 14:47:29,626 - DEBUG - Data, models and results directories created
2018-09-20 14:47:29,627 - DEBUG - Added file /home/sliberman/Dropbox/Detector ballena azul/supervised_version/database/validation-ballenas/ballenas-S06_PU145_20120514_143000.aif
2018-09-20 14:47:30,512 - INFO - Pipeline initialized
2018-09-20 14:47:30,512 - INFO - TrainWhaleDetector pipeline started
2018-09-20 14:47:30,609 - DEBUG - Pre processing SlidingWindows transformation took 0.012235879898071289 s
2018-09-20 14:47:32,401 - DEBUG - Features extractor Identity transformation took 0.23928022384643555 s
2018-09-20 14:49:12,545 - INFO - Parameters loaded correctly
2018-09-20 14:49:12,546 - DEBUG - Data, models and results directories created
2018-09-20 14:49:12,546 - DEBUG - Added file /home/sliberman/Dropbox/Detector ballena azul/supervised_version/database/validation-ballenas/ballenas-S06_PU145_20120514_143000.aif
2018-09-20 14:49:13,388 - INFO - Pipeline initialized
2018-09-20 14:49:13,388 - INFO - TrainWhaleDetector pipeline started
2018-09-20 14:49:13,483 - DEBUG - Pre processing SlidingWindows transformation took 0.011072874069213867 s
2018-09-20 14:49:15,222 - DEBUG - Features extractor Identity transformation took 0.2364954948425293 s
2018-09-20 14:50:56,359 - INFO - Parameters loaded correctly
2018-09-20 14:50:56,359 - DEBUG - Data, models and results directories created
2018-09-20 14:50:56,359 - DEBUG - Added file /home/sliberman/Dropbox/Detector ballena azul/supervised_version/database/validation-ballenas/ballenas-S06_PU145_20120514_143000.aif
2018-09-20 14:50:57,206 - INFO - Pipeline initialized
2018-09-20 14:50:57,207 - INFO - TrainWhaleDetector pipeline started
2018-09-20 14:50:57,303 - DEBUG - Pre processing SlidingWindows transformation took 0.011854171752929688 s
2018-09-20 14:50:59,060 - DEBUG - Features extractor Identity transformation took 0.2449955940246582 s
